<?xml version="1.0" encoding="UTF-8"?>
<testng-results skipped="0" failed="0" ignored="0" total="1" passed="1">
  <reporter-output>
  </reporter-output>
  <suite name="Default suite" duration-ms="2593" started-at="2019-06-13T21:30:19Z" finished-at="2019-06-13T21:30:21Z">
    <groups>
    </groups>
    <test name="Default test" duration-ms="2593" started-at="2019-06-13T21:30:19Z" finished-at="2019-06-13T21:30:21Z">
      <class name="_01_com.masteringrestassured.api.tests.get._01_Get_Random_UserId_And_Print_Out_Email_Address">
        <test-method status="PASS" signature="getRandomUserIdAndPrintOutEmailAddress()[pri:0, instance:_01_com.masteringrestassured.api.tests.get._01_Get_Random_UserId_And_Print_Out_Email_Address@675d3402]" name="getRandomUserIdAndPrintOutEmailAddress" duration-ms="2575" started-at="2019-06-13T21:30:19Z" finished-at="2019-06-13T21:30:21Z">
          <reporter-output>
          </reporter-output>
        </test-method> <!-- getRandomUserIdAndPrintOutEmailAddress -->
      </class> <!-- _01_com.masteringrestassured.api.tests.get._01_Get_Random_UserId_And_Print_Out_Email_Address -->
    </test> <!-- Default test -->
  </suite> <!-- Default suite -->
</testng-results>
