<?xml version="1.0" encoding="UTF-8"?>
<testng-results skipped="0" failed="0" total="1" passed="1">
  <reporter-output>
  </reporter-output>
  <suite name="Default suite" duration-ms="1855" started-at="2018-06-17T13:24:55Z" finished-at="2018-06-17T13:24:56Z">
    <groups>
    </groups>
    <test name="Default test" duration-ms="1855" started-at="2018-06-17T13:24:55Z" finished-at="2018-06-17T13:24:56Z">
      <class name="com.masteringrestassured.api.tests._03_Post_Test">
        <test-method status="PASS" signature="postTest_RegistrationSuccessful()[pri:0, instance:com.masteringrestassured.api.tests._03_Post_Test@9d9c55]" name="postTest_RegistrationSuccessful" duration-ms="1844" started-at="2018-06-17T15:24:55Z" finished-at="2018-06-17T15:24:56Z">
          <reporter-output>
          </reporter-output>
        </test-method> <!-- postTest_RegistrationSuccessful -->
      </class> <!-- com.masteringrestassured.api.tests._03_Post_Test -->
    </test> <!-- Default test -->
  </suite> <!-- Default suite -->
</testng-results>
